[debug] [2019-01-19T06:43:29.985Z] ----------------------------------------------------------------------
[debug] [2019-01-19T06:43:29.988Z] Command:       /usr/local/bin/node /usr/local/bin/firebase deploy --only hosting:online-test
[debug] [2019-01-19T06:43:29.989Z] CLI Version:   6.0.0
[debug] [2019-01-19T06:43:29.989Z] Platform:      darwin
[debug] [2019-01-19T06:43:29.989Z] Node Version:  v10.14.2
[debug] [2019-01-19T06:43:30.081Z] Time:          Sat Jan 19 2019 12:13:29 GMT+0530 (India Standard Time)
[debug] [2019-01-19T06:43:30.081Z] ----------------------------------------------------------------------
[debug] 
[debug] [2019-01-19T06:43:30.207Z] > command requires scopes: ["email","openid","https://www.googleapis.com/auth/cloudplatformprojects.readonly","https://www.googleapis.com/auth/firebase","https://www.googleapis.com/auth/cloud-platform"]
[debug] [2019-01-19T06:43:30.207Z] > authorizing via signed-in user
[debug] [2019-01-19T06:43:30.208Z] [iam] checking project corona-19 for permissions ["firebase.projects.get","firebasehosting.sites.update"]
[debug] [2019-01-19T06:43:30.210Z] > refreshing access token with scopes: ["email","https://www.googleapis.com/auth/cloud-platform","https://www.googleapis.com/auth/cloudplatformprojects.readonly","https://www.googleapis.com/auth/firebase","openid"]
[debug] [2019-01-19T06:43:30.211Z] >>> HTTP REQUEST POST https://www.googleapis.com/oauth2/v3/token  
 <request body omitted>
[debug] [2019-01-19T06:43:31.104Z] <<< HTTP RESPONSE 200
[debug] [2019-01-19T06:43:31.196Z] >>> HTTP REQUEST POST https://cloudresourcemanager.googleapis.com/v1/projects/corona-19:testIamPermissions  

[debug] [2019-01-19T06:43:33.336Z] <<< HTTP RESPONSE 200
[debug] [2019-01-19T06:43:33.338Z] >>> HTTP REQUEST GET https://firebase.googleapis.com/v1beta1/projects/corona-19  
 
[debug] [2019-01-19T06:43:34.275Z] <<< HTTP RESPONSE 200
[info] 
[info] === Deploying to 'corona-19'...
[info] 
[info] i  deploying hosting
[info] 
[info] ✔  Deploy complete!
[info] 
[info] Project Console: https://console.firebase.google.com/project/corona-19/overview
[debug] [2019-01-19T06:43:35.084Z] TypeError: Cannot read property 'deploys' of undefined
    at /usr/local/lib/node_modules/firebase-tools/lib/deploy/index.js:84:36
    at process._tickCallback (internal/process/next_tick.js:68:7)
[error] 
[error] Error: An unexpected error has occurred.
